[debug] [2022-08-01T15:05:28.741Z] ----------------------------------------------------------------------
[debug] [2022-08-01T15:05:28.749Z] Command:       C:\Program Files\nodejs\node.exe C:\Users\ravir\AppData\Roaming\npm\node_modules\firebase-tools\lib\bin\firebase.js init
[debug] [2022-08-01T15:05:28.751Z] CLI Version:   11.4.0
[debug] [2022-08-01T15:05:28.751Z] Platform:      win32
[debug] [2022-08-01T15:05:28.752Z] Node Version:  v16.14.2
[debug] [2022-08-01T15:05:28.755Z] Time:          Mon Aug 01 2022 20:35:28 GMT+0530 (India Standard Time)
[debug] [2022-08-01T15:05:28.756Z] ----------------------------------------------------------------------
[debug] 
[debug] [2022-08-01T15:05:28.935Z] > command requires scopes: ["email","openid","https://www.googleapis.com/auth/cloudplatformprojects.readonly","https://www.googleapis.com/auth/firebase","https://www.googleapis.com/auth/cloud-platform"]
[debug] [2022-08-01T15:05:28.935Z] > authorizing via signed-in user (raviranjan8294053500@gmail.com)
[info] 
     ######## #### ########  ######## ########     ###     ######  ########
     ##        ##  ##     ## ##       ##     ##  ##   ##  ##       ##
     ######    ##  ########  ######   ########  #########  ######  ######
     ##        ##  ##    ##  ##       ##     ## ##     ##       ## ##
     ##       #### ##     ## ######## ########  ##     ##  ######  ########

You're about to initialize a Firebase project in this directory:

  C:\Users\ravir\OneDrive\Desktop\react_firebase\to-do-app

Before we get started, keep in mind:

  * You are initializing within an existing Firebase project directory

